ERROR - 2025-05-13 09:28:50 --> mysqli_sql_exception: Table 'transactions' already exists in C:\xampp\htdocs\Test Payment Gateway\payment-gateway\vendor\codeigniter4\framework\system\Database\MySQLi\Connection.php:327
Stack trace:
#0 C:\xampp\htdocs\Test Payment Gateway\payment-gateway\vendor\codeigniter4\framework\system\Database\MySQLi\Connection.php(327): mysqli->query('CREATE TABLE `t...', 0)
#1 C:\xampp\htdocs\Test Payment Gateway\payment-gateway\vendor\codeigniter4\framework\system\Database\BaseConnection.php(738): CodeIgniter\Database\MySQLi\Connection->execute('CREATE TABLE `t...')
#2 C:\xampp\htdocs\Test Payment Gateway\payment-gateway\vendor\codeigniter4\framework\system\Database\BaseConnection.php(652): CodeIgniter\Database\BaseConnection->simpleQuery('CREATE TABLE `t...')
#3 C:\xampp\htdocs\Test Payment Gateway\payment-gateway\vendor\codeigniter4\framework\system\Database\Forge.php(570): CodeIgniter\Database\BaseConnection->query('CREATE TABLE `t...')
#4 C:\xampp\htdocs\Test Payment Gateway\payment-gateway\app\Database\Migrations\2025-05-13-092754_TransactionQris.php(45): CodeIgniter\Database\Forge->createTable('transactions')
#5 C:\xampp\htdocs\Test Payment Gateway\payment-gateway\vendor\codeigniter4\framework\system\Database\MigrationRunner.php(876): App\Database\Migrations\TransactionQris->up()
#6 C:\xampp\htdocs\Test Payment Gateway\payment-gateway\vendor\codeigniter4\framework\system\Database\MigrationRunner.php(182): CodeIgniter\Database\MigrationRunner->migrate('up', Object(stdClass))
#7 C:\xampp\htdocs\Test Payment Gateway\payment-gateway\vendor\codeigniter4\framework\system\Commands\Database\Migrate.php(85): CodeIgniter\Database\MigrationRunner->latest(NULL)
#8 C:\xampp\htdocs\Test Payment Gateway\payment-gateway\vendor\codeigniter4\framework\system\CLI\Commands.php(74): CodeIgniter\Commands\Database\Migrate->run(Array)
#9 C:\xampp\htdocs\Test Payment Gateway\payment-gateway\vendor\codeigniter4\framework\system\CLI\Console.php(47): CodeIgniter\CLI\Commands->run('migrate', Array)
#10 C:\xampp\htdocs\Test Payment Gateway\payment-gateway\vendor\codeigniter4\framework\system\Boot.php(360): CodeIgniter\CLI\Console->run()
#11 C:\xampp\htdocs\Test Payment Gateway\payment-gateway\vendor\codeigniter4\framework\system\Boot.php(104): CodeIgniter\Boot::runCommand(Object(CodeIgniter\CLI\Console))
#12 C:\xampp\htdocs\Test Payment Gateway\payment-gateway\spark(87): CodeIgniter\Boot::bootSpark(Object(Config\Paths))
#13 {main}
ERROR - 2025-05-13 09:28:59 --> mysqli_sql_exception: Table 'transactions' already exists in C:\xampp\htdocs\Test Payment Gateway\payment-gateway\vendor\codeigniter4\framework\system\Database\MySQLi\Connection.php:327
Stack trace:
#0 C:\xampp\htdocs\Test Payment Gateway\payment-gateway\vendor\codeigniter4\framework\system\Database\MySQLi\Connection.php(327): mysqli->query('CREATE TABLE `t...', 0)
#1 C:\xampp\htdocs\Test Payment Gateway\payment-gateway\vendor\codeigniter4\framework\system\Database\BaseConnection.php(738): CodeIgniter\Database\MySQLi\Connection->execute('CREATE TABLE `t...')
#2 C:\xampp\htdocs\Test Payment Gateway\payment-gateway\vendor\codeigniter4\framework\system\Database\BaseConnection.php(652): CodeIgniter\Database\BaseConnection->simpleQuery('CREATE TABLE `t...')
#3 C:\xampp\htdocs\Test Payment Gateway\payment-gateway\vendor\codeigniter4\framework\system\Database\Forge.php(570): CodeIgniter\Database\BaseConnection->query('CREATE TABLE `t...')
#4 C:\xampp\htdocs\Test Payment Gateway\payment-gateway\app\Database\Migrations\2025-05-13-092754_TransactionQris.php(45): CodeIgniter\Database\Forge->createTable('transactions')
#5 C:\xampp\htdocs\Test Payment Gateway\payment-gateway\vendor\codeigniter4\framework\system\Database\MigrationRunner.php(876): App\Database\Migrations\TransactionQris->up()
#6 C:\xampp\htdocs\Test Payment Gateway\payment-gateway\vendor\codeigniter4\framework\system\Database\MigrationRunner.php(182): CodeIgniter\Database\MigrationRunner->migrate('up', Object(stdClass))
#7 C:\xampp\htdocs\Test Payment Gateway\payment-gateway\vendor\codeigniter4\framework\system\Commands\Database\Migrate.php(85): CodeIgniter\Database\MigrationRunner->latest(NULL)
#8 C:\xampp\htdocs\Test Payment Gateway\payment-gateway\vendor\codeigniter4\framework\system\CLI\Commands.php(74): CodeIgniter\Commands\Database\Migrate->run(Array)
#9 C:\xampp\htdocs\Test Payment Gateway\payment-gateway\vendor\codeigniter4\framework\system\CLI\BaseCommand.php(119): CodeIgniter\CLI\Commands->run('migrate', Array)
#10 C:\xampp\htdocs\Test Payment Gateway\payment-gateway\vendor\codeigniter4\framework\system\Commands\Database\MigrateRefresh.php(87): CodeIgniter\CLI\BaseCommand->call('migrate', Array)
#11 C:\xampp\htdocs\Test Payment Gateway\payment-gateway\vendor\codeigniter4\framework\system\CLI\Commands.php(74): CodeIgniter\Commands\Database\MigrateRefresh->run(Array)
#12 C:\xampp\htdocs\Test Payment Gateway\payment-gateway\vendor\codeigniter4\framework\system\CLI\Console.php(47): CodeIgniter\CLI\Commands->run('migrate:refresh', Array)
#13 C:\xampp\htdocs\Test Payment Gateway\payment-gateway\vendor\codeigniter4\framework\system\Boot.php(360): CodeIgniter\CLI\Console->run()
#14 C:\xampp\htdocs\Test Payment Gateway\payment-gateway\vendor\codeigniter4\framework\system\Boot.php(104): CodeIgniter\Boot::runCommand(Object(CodeIgniter\CLI\Console))
#15 C:\xampp\htdocs\Test Payment Gateway\payment-gateway\spark(87): CodeIgniter\Boot::bootSpark(Object(Config\Paths))
#16 {main}
